
/home/runner/work/exp-dielectric-curie-iitb/exp-dielectric-curie-iitb/experiment/simulation/common_libraries/js/ts_components/collapse_step.js
   1:10  warning  'show_step' is defined but never used                 no-unused-vars
   2:5   warning  '$' is not defined                                    no-undef
   3:9   warning  '$' is not defined                                    no-undef
   6:10  warning  'hide_step' is defined but never used                 no-unused-vars
   7:5   warning  '$' is not defined                                    no-undef
   8:9   warning  '$' is not defined                                    no-undef
  11:10  warning  'get_collapse_btn_text' is defined but never used     no-unused-vars
  20:10  warning  'get_collapse_btn_element' is defined but never used  no-unused-vars
  29:10  warning  'hide_all_steps' is defined but never used            no-unused-vars
  31:9   warning  '$' is not defined                                    no-undef

/home/runner/work/exp-dielectric-curie-iitb/exp-dielectric-curie-iitb/experiment/simulation/common_libraries/js/ts_components/matrix.js
   27:26  warning  'MathJax' is not defined                                no-undef
   32:7   warning  'Matrix_Without_String' is defined but never used       no-unused-vars
   52:26  warning  'MathJax' is not defined                                no-undef
   56:10  warning  'get_matrix_html' is defined but never used             no-unused-vars
   87:13  warning  'row_html' is assigned a value but never used           no-unused-vars
   99:10  warning  'get_matrix_html_with_title' is defined but never used  no-unused-vars
  131:13  warning  'row_html' is assigned a value but never used           no-unused-vars
  143:10  warning  'convert_2d_to_1d_vector' is defined but never used     no-unused-vars
  156:10  warning  'convert_1d_to_2d_matrix' is defined but never used     no-unused-vars

/home/runner/work/exp-dielectric-curie-iitb/exp-dielectric-curie-iitb/experiment/simulation/common_libraries/js/ts_components/pannel.js
  8:7  warning  'Pannel' is defined but never used  no-unused-vars

/home/runner/work/exp-dielectric-curie-iitb/exp-dielectric-curie-iitb/experiment/simulation/common_libraries/js/ts_components/questions.js
   6:17  warning  'op1' is assigned a value but never used      no-unused-vars
   7:17  warning  'op2' is assigned a value but never used      no-unused-vars
   8:17  warning  'op3' is assigned a value but never used      no-unused-vars
   9:17  warning  'op4' is assigned a value but never used      no-unused-vars
  94:7   warning  'Question_Options' is defined but never used  no-unused-vars

/home/runner/work/exp-dielectric-curie-iitb/exp-dielectric-curie-iitb/experiment/simulation/common_libraries/js/ts_components/tables.js
   19:22  warning  'verify_values' is not defined                                     no-undef
  137:22  warning  'verify_values' is not defined                                     no-undef
  260:7   warning  'Verify_Rows_Cols_6_decimal_places' is defined but never used      no-unused-vars
  311:22  warning  'verify_values' is not defined                                     no-undef
  416:7   warning  'Verify_Rows_Cols_Custom_Fixed_Update1' is defined but never used  no-unused-vars
  468:7   warning  'Show_Table_Custom_Fixed' is defined but never used                no-unused-vars
  506:7   warning  'Verify_Rows_Cols_Strings' is defined but never used               no-unused-vars
  527:22  warning  'verify_values' is not defined                                     no-undef
  663:7   warning  'Display_Table' is defined but never used                          no-unused-vars

/home/runner/work/exp-dielectric-curie-iitb/exp-dielectric-curie-iitb/experiment/simulation/common_libraries/js/ts_math_library/general_math_functions.js
    1:10  warning  'verify_values' is defined but never used                   no-unused-vars
   17:10  warning  'random1' is defined but never used                         no-unused-vars
   21:10  warning  'std_deviation' is defined but never used                   no-unused-vars
   26:10  warning  'gauss' is defined but never used                           no-unused-vars
   56:10  warning  'hide_panel' is defined but never used                      no-unused-vars
   63:10  warning  'inverse_matrix' is defined but never used                  no-unused-vars
   96:10  warning  'matrix_multiplication' is defined but never used           no-unused-vars
  113:10  warning  'transpose_matrix' is defined but never used                no-unused-vars
  123:10  warning  'matrix_multiplication_8decimal' is defined but never used  no-unused-vars
  140:10  warning  'adjoint_2x2_matrix' is defined but never used              no-unused-vars
  145:10  warning  'find_deteminant' is defined but never used                 no-unused-vars
  174:10  warning  'get_Submatrix' is defined but never used                   no-unused-vars

/home/runner/work/exp-dielectric-curie-iitb/exp-dielectric-curie-iitb/experiment/simulation/common_libraries/js/ts_math_library/regression.js
   1:10  warning  'regression_linear' is defined but never used            no-unused-vars
  18:10  warning  'regression_linear_1variable' is defined but never used  no-unused-vars
  27:10  warning  'regression_linear_2variable' is defined but never used  no-unused-vars
  52:11  warning  'gauss' is not defined                                   no-undef

/home/runner/work/exp-dielectric-curie-iitb/exp-dielectric-curie-iitb/experiment/simulation/common_libraries/math.ob.js
  1:745  warning  'b' is already defined  no-redeclare

/home/runner/work/exp-dielectric-curie-iitb/exp-dielectric-curie-iitb/experiment/simulation/js/activity1.js
    8:14   warning  'Pannel' is not defined                                no-undef
   14:10   warning  'start_act1' is defined but never used                 no-unused-vars
   21:10   warning  'move_to_activity3' is defined but never used          no-unused-vars
   24:5    warning  'activity3' is not defined                             no-undef
   33:5    warning  'global_score' is assigned a value but never used      no-unused-vars
   34:5    warning  'a1_panel' is defined but never used                   no-unused-vars
   35:5    warning  'all_text_content' is assigned a value but never used  no-unused-vars
   36:5    warning  'canvas_box_scale' is already defined                  no-redeclare
   36:5    warning  'canvas_box_scale' is assigned a value but never used  no-unused-vars
   39:5    warning  'a1_scene' is defined but never used                   no-unused-vars
   46:5    warning  'display_score' is defined but never used              no-unused-vars
   47:5    warning  'timer1' is assigned a value but never used            no-unused-vars
   65:17   warning  'Scene' is not defined                                 no-undef
   70:27   warning  'bootstrap' is not defined                             no-undef
  109:18   warning  'Chemistry' is not defined                             no-undef
  109:42   warning  'vc' is not defined                                    no-undef
  109:50   warning  'Chemistry' is not defined                             no-undef
  112:9    warning  'sq' is already defined                                no-redeclare
  112:18   warning  'Chemistry' is not defined                             no-undef
  112:42   warning  'chamber2' is not defined                              no-undef
  112:56   warning  'Chemistry' is not defined                             no-undef
  115:9    warning  'sq' is already defined                                no-redeclare
  115:18   warning  'Chemistry' is not defined                             no-undef
  115:42   warning  'display_panel' is not defined                         no-undef
  115:61   warning  'Chemistry' is not defined                             no-undef
  148:13   warning  'current_index' is not defined                         no-undef
  156:25   warning  'Chemistry' is not defined                             no-undef
  156:50   warning  'Chemistry' is not defined                             no-undef
  167:10   warning  'vc' is not defined                                    no-undef
  167:14   warning  'vc' is not defined                                    no-undef
  168:10   warning  'chamber2' is not defined                              no-undef
  168:20   warning  'chamber2' is not defined                              no-undef
  169:10   warning  'display_panel' is not defined                         no-undef
  169:25   warning  'display_panel' is not defined                         no-undef
  172:13   warning  'Chemistry' is not defined                             no-undef
  172:49   warning  'Chemistry' is not defined                             no-undef
  173:13   warning  'Chemistry' is not defined                             no-undef
  173:43   warning  'Chemistry' is not defined                             no-undef
  174:13   warning  'Chemistry' is not defined                             no-undef
  174:69   warning  'Chemistry' is not defined                             no-undef
  179:12   warning  Unexpected constant condition                          no-constant-condition
  201:49   warning  'Chemistry' is not defined                             no-undef
  204:39   warning  'bootstrap' is not defined                             no-undef
  238:30   warning  'Chemistry' is not defined                             no-undef
  238:73   warning  'Chemistry' is not defined                             no-undef
  266:13   warning  'bsOffcanvas' is already defined                       no-redeclare
  266:31   warning  'bootstrap' is not defined                             no-undef
  268:30   warning  'Chemistry' is not defined                             no-undef
  268:75   warning  'current_index' is not defined                         no-undef
  268:118  warning  'Chemistry' is not defined                             no-undef
  276:61   warning  'current_index' is not defined                         no-undef
  311:24   warning  'activity3' is not defined                             no-undef

/home/runner/work/exp-dielectric-curie-iitb/exp-dielectric-curie-iitb/experiment/simulation/js/activity2.js
    4:5    warning  'context2' is defined but never used                  no-unused-vars
   11:5    warning  'gm_up' is assigned a value but never used            no-unused-vars
   12:5    warning  'gm_down' is assigned a value but never used          no-unused-vars
   14:5    warning  'gm_reading_text' is assigned a value but never used  no-unused-vars
   34:10   warning  'activity2' is defined but never used                 no-unused-vars
   36:5    warning  'pp' is not defined                                   no-undef
   37:5    warning  'pp' is not defined                                   no-undef
   38:5    warning  'pp' is not defined                                   no-undef
   39:5    warning  'pp' is not defined                                   no-undef
   40:5    warning  'pp' is not defined                                   no-undef
   83:5    warning  'pp' is not defined                                   no-undef
   87:5    warning  'pp' is not defined                                   no-undef
   88:5    warning  'canvas' is not defined                               no-undef
   89:5    warning  'context' is not defined                              no-undef
   89:15   warning  'canvas' is not defined                               no-undef
   92:18   warning  'Scene_Canvas' is not defined                         no-undef
   92:31   warning  'canvas' is not defined                               no-undef
   94:17   warning  'Chemistry' is not defined                            no-undef
   94:41   warning  'vc' is not defined                                   no-undef
   94:49   warning  'Chemistry' is not defined                            no-undef
   94:99   warning  'canvas' is not defined                               no-undef
   96:20   warning  'Chemistry' is not defined                            no-undef
   96:44   warning  'left_vc' is not defined                              no-undef
   96:57   warning  'Chemistry' is not defined                            no-undef
   96:106  warning  'canvas' is not defined                               no-undef
   98:21   warning  'Chemistry' is not defined                            no-undef
   98:45   warning  'right_vc' is not defined                             no-undef
   98:59   warning  'Chemistry' is not defined                            no-undef
   98:108  warning  'canvas' is not defined                               no-undef
  100:20   warning  'Chemistry' is not defined                            no-undef
  100:44   warning  'pill' is not defined                                 no-undef
  100:54   warning  'Chemistry' is not defined                            no-undef
  100:103  warning  'canvas' is not defined                               no-undef
  116:5    warning  'canvas' is not defined                               no-undef
  117:5    warning  'canvas' is not defined                               no-undef
  117:23   warning  'canvas' is not defined                               no-undef
  118:5    warning  'lscale' is not defined                               no-undef
  118:14   warning  'canvas' is not defined                               no-undef
  120:9    warning  'canvas' is not defined                               no-undef
  126:5    warning  'context' is not defined                              no-undef
  126:26   warning  'canvas' is not defined                               no-undef
  127:5    warning  'context' is not defined                              no-undef
  131:10   warning  'gauss_table' is defined but never used               no-unused-vars
  134:25   warning  'first_obs_data' is not defined                       no-undef
  136:22   warning  'first_obs_data' is not defined                       no-undef
  137:22   warning  'first_obs_data' is not defined                       no-undef
  138:22   warning  'first_obs_data' is not defined                       no-undef
  140:15   warning  'Observation_Table' is not defined                    no-undef
  141:5    warning  'pp' is not defined                                   no-undef
  145:5    warning  'pp' is not defined                                   no-undef
  150:10   warning  'load_buttons' is defined but never used              no-unused-vars
  151:20   warning  'Chemistry' is not defined                            no-undef
  151:41   warning  'Chemistry' is not defined                            no-undef
  152:17   warning  'Chemistry' is not defined                            no-undef
  152:38   warning  'Chemistry' is not defined                            no-undef
  154:19   warning  'Chemistry' is not defined                            no-undef
  154:40   warning  'Chemistry' is not defined                            no-undef
  156:20   warning  'Chemistry' is not defined                            no-undef
  156:41   warning  'Chemistry' is not defined                            no-undef
  156:73   warning  'canvas' is not defined                               no-undef
  157:17   warning  'Chemistry' is not defined                            no-undef
  157:38   warning  'Chemistry' is not defined                            no-undef
  157:68   warning  'canvas' is not defined                               no-undef
  158:19   warning  'Chemistry' is not defined                            no-undef
  158:40   warning  'Chemistry' is not defined                            no-undef
  158:70   warning  'canvas' is not defined                               no-undef
  167:37   warning  'rect' is not defined                                 no-undef
  167:47   warning  'lscale' is not defined                               no-undef
  168:55   warning  'rect' is not defined                                 no-undef
  168:66   warning  'lscale' is not defined                               no-undef
  178:13   warning  'pp' is not defined                                   no-undef
  194:45   warning  'data1' is not defined                                no-undef
  195:33   warning  'data1' is not defined                                no-undef
  197:57   warning  'data1' is not defined                                no-undef
  218:45   warning  'data1' is not defined                                no-undef
  219:33   warning  'data1' is not defined                                no-undef
  221:57   warning  'data1' is not defined                                no-undef
  234:25   warning  'lscale' is not defined                               no-undef
  234:47   warning  'lscale' is not defined                               no-undef
  235:28   warning  'lscale' is not defined                               no-undef
  235:49   warning  'lscale' is not defined                               no-undef
  236:29   warning  'gauss_probe2' is not defined                         no-undef
  239:17   warning  'pp' is not defined                                   no-undef
  255:17   warning  'pp' is not defined                                   no-undef
  267:28   warning  'Chemistry' is not defined                            no-undef
  267:56   warning  'Chemistry' is not defined                            no-undef
  267:84   warning  'canvas' is not defined                               no-undef
  273:10   warning  'add_reading' is defined but never used               no-unused-vars
  279:39   warning  'data1' is not defined                                no-undef
  280:39   warning  'data1' is not defined                                no-undef
  289:10   warning  'remove_reading' is defined but never used            no-unused-vars
  302:27   warning  'bootstrap' is not defined                            no-undef
  306:10   warning  'select_material' is defined but never used           no-unused-vars
  311:9    warning  'selected_material_index' is not defined              no-undef
  320:10   warning  'show_measurement' is defined but never used          no-unused-vars
  328:23   warning  'materials' is not defined                            no-undef
  328:33   warning  'selected_material_index' is not defined              no-undef
  329:22   warning  'materials' is not defined                            no-undef
  329:32   warning  'selected_material_index' is not defined              no-undef
  330:18   warning  'materials' is not defined                            no-undef
  330:28   warning  'selected_material_index' is not defined              no-undef

/home/runner/work/exp-dielectric-curie-iitb/exp-dielectric-curie-iitb/experiment/simulation/js/activity3.js
    2:5    warning  'act3_canvas2' is defined but never used                no-unused-vars
    3:5    warning  'act3_context2' is defined but never used               no-unused-vars
   12:5    warning  'act3_left_pin' is defined but never used               no-unused-vars
   13:5    warning  'act3_right_pin' is defined but never used              no-unused-vars
   14:5    warning  'act3_pill_img' is defined but never used               no-unused-vars
   17:5    warning  'act3_needle_angle' is assigned a value but never used  no-unused-vars
   18:10   warning  'activity3' is defined but never used                   no-unused-vars
   20:5    warning  'pp' is not defined                                     no-undef
   21:5    warning  'pp' is not defined                                     no-undef
   22:5    warning  'pp' is not defined                                     no-undef
   23:5    warning  'obs_data' is not defined                               no-undef
   24:5    warning  'pp' is not defined                                     no-undef
   30:5    warning  'pp' is not defined                                     no-undef
   31:5    warning  'pp' is not defined                                     no-undef
   32:5    warning  'pp' is not defined                                     no-undef
   62:49   warning  'materials' is not defined                              no-undef
   62:59   warning  'selected_material_index' is not defined                no-undef
   71:5    warning  'pp' is not defined                                     no-undef
   73:5    warning  'show_rp' is not defined                                no-undef
   75:5    warning  'pp' is not defined                                     no-undef
   76:5    warning  'canvas' is not defined                                 no-undef
   77:5    warning  'context' is not defined                                no-undef
   77:15   warning  'canvas' is not defined                                 no-undef
   80:23   warning  'Scene_Canvas' is not defined                           no-undef
   80:36   warning  'canvas' is not defined                                 no-undef
   82:22   warning  'Chemistry' is not defined                              no-undef
   82:46   warning  'assembly' is not defined                               no-undef
   82:60   warning  'Chemistry' is not defined                              no-undef
   82:110  warning  'canvas' is not defined                                 no-undef
   99:5    warning  'canvas' is not defined                                 no-undef
  100:5    warning  'canvas' is not defined                                 no-undef
  100:23   warning  'canvas' is not defined                                 no-undef
  101:5    warning  'lscale' is not defined                                 no-undef
  101:14   warning  'canvas' is not defined                                 no-undef
  103:9    warning  'canvas' is not defined                                 no-undef
  109:5    warning  'context' is not defined                                no-undef
  109:26   warning  'canvas' is not defined                                 no-undef
  110:5    warning  'context' is not defined                                no-undef
  115:10   warning  'power_on' is defined but never used                    no-unused-vars
  122:24   warning  'MathJax' is not defined                                no-undef
  124:10   warning  'inc_temp' is defined but never used                    no-unused-vars
  125:9    warning  'selected_material_index' is not defined                no-undef
  129:23   warning  'all_data' is not defined                               no-undef
  129:32   warning  'selected_material_index' is not defined                no-undef
  130:24   warning  'all_data' is not defined                               no-undef
  130:33   warning  'selected_material_index' is not defined                no-undef
  134:14   warning  'selected_material_index' is not defined                no-undef
  138:23   warning  'all_data' is not defined                               no-undef
  138:32   warning  'selected_material_index' is not defined                no-undef
  139:24   warning  'all_data' is not defined                               no-undef
  139:33   warning  'selected_material_index' is not defined                no-undef
  147:10   warning  'dec_temp' is defined but never used                    no-unused-vars
  152:23   warning  'all_data' is not defined                               no-undef
  152:32   warning  'selected_material_index' is not defined                no-undef
  153:24   warning  'all_data' is not defined                               no-undef
  153:33   warning  'selected_material_index' is not defined                no-undef
  161:10   warning  'add_obs_reading' is defined but never used             no-unused-vars
  167:17   warning  'materials' is not defined                              no-undef
  167:27   warning  'selected_material_index' is not defined                no-undef
  168:25   warning  'materials' is not defined                              no-undef
  168:35   warning  'selected_material_index' is not defined                no-undef
  169:19   warning  'epsilon_0' is not defined                              no-undef
  172:9    warning  'obs_data' is not defined                               no-undef
  176:9    warning  'tab_obs' is not defined                                no-undef
  176:23   warning  'Verify_Rows_Cols_Custom_Fixed_Update1' is not defined  no-undef
  176:69   warning  'obs_data' is not defined                               no-undef
  177:9    warning  'tab_obs' is not defined                                no-undef
  181:13   warning  'activity4' is not defined                              no-undef
  187:5    warning  'obs_data' is not defined                               no-undef
  189:5    warning  'tab_obs' is not defined                                no-undef
  189:19   warning  'Verify_Rows_Cols_Custom_Fixed_Update1' is not defined  no-undef
  189:65   warning  'obs_data' is not defined                               no-undef
  190:5    warning  'tab_obs' is not defined                                no-undef
  193:27   warning  'bootstrap' is not defined                              no-undef

/home/runner/work/exp-dielectric-curie-iitb/exp-dielectric-curie-iitb/experiment/simulation/js/activity4.js
   3:10  warning  'activity4' is defined but never used                 no-unused-vars
   4:5   warning  'pp' is not defined                                   no-undef
   5:5   warning  'pp' is not defined                                   no-undef
   6:5   warning  'pp' is not defined                                   no-undef
   7:5   warning  'pp' is not defined                                   no-undef
  30:5   warning  'pp' is not defined                                   no-undef
  34:10  warning  'verify_curie_temperature' is defined but never used  no-unused-vars
  38:9   warning  'selected_material_index' is not defined              no-undef
  40:75  warning  'materials' is not defined                            no-undef
  40:85  warning  'selected_material_index' is not defined              no-undef
  42:14  warning  'selected_material_index' is not defined              no-undef
  44:75  warning  'materials' is not defined                            no-undef
  44:85  warning  'selected_material_index' is not defined              no-undef
  51:25  warning  'obs_data' is not defined                             no-undef
  52:29  warning  'obs_data' is not defined                             no-undef
  53:30  warning  'obs_data' is not defined                             no-undef
  67:21  warning  'Chart' is not defined                                no-undef

/home/runner/work/exp-dielectric-curie-iitb/exp-dielectric-curie-iitb/experiment/simulation/js/common.js
    1:10  warning  'verify_values' is defined but never used                no-unused-vars
   18:10  warning  'std_deviation' is defined but never used                no-unused-vars
   23:10  warning  'regression_linear' is defined but never used            no-unused-vars
   40:10  warning  'ascending_random_array' is defined but never used       no-unused-vars
   42:12  warning  Unexpected constant condition                            no-constant-condition
   59:10  warning  'regression_linear_2variable' is defined but never used  no-unused-vars
  109:10  warning  'get_dataset' is defined but never used                  no-unused-vars
  110:25  warning  'data2' is not defined                                   no-undef
  111:13  warning  'data2' is not defined                                   no-undef
  111:31  warning  'selected_material' is not defined                       no-undef
  111:52  warning  'data2' is not defined                                   no-undef
  111:74  warning  'selected_thickness' is not defined                      no-undef
  112:13  warning  'sel_data' is not defined                                no-undef
  112:24  warning  'data2' is not defined                                   no-undef
  113:25  warning  'sel_data' is not defined                                no-undef
  118:10  warning  'get_dataset2' is defined but never used                 no-unused-vars
  119:25  warning  'data3' is not defined                                   no-undef
  120:13  warning  'data3' is not defined                                   no-undef
  120:31  warning  'selected_material_m3' is not defined                    no-undef
  120:55  warning  'data2' is not defined                                   no-undef
  120:77  warning  'selected_thickness_m3' is not defined                   no-undef
  121:13  warning  'sel_data2' is not defined                               no-undef
  121:25  warning  'data3' is not defined                                   no-undef
  122:25  warning  'sel_data' is not defined                                no-undef

/home/runner/work/exp-dielectric-curie-iitb/exp-dielectric-curie-iitb/experiment/simulation/js/data.js
     1:5  warning  'selected_dataset' is assigned a value but never used           no-unused-vars
     2:5  warning  'selected_current' is assigned a value but never used           no-unused-vars
     3:5  warning  'selected_magnetic_field' is assigned a value but never used    no-unused-vars
     4:5  warning  'method' is assigned a value but never used                     no-unused-vars
     5:5  warning  'selected_material' is assigned a value but never used          no-unused-vars
     6:5  warning  'selected_thickness' is assigned a value but never used         no-unused-vars
     7:5  warning  'selected_field_current' is assigned a value but never used     no-unused-vars
     8:5  warning  'sel_data' is defined but never used                            no-unused-vars
     9:5  warning  'selected_material_m3' is assigned a value but never used       no-unused-vars
    10:5  warning  'selected_thickness_m3' is assigned a value but never used      no-unused-vars
    11:5  warning  'selected_field_current_m3' is assigned a value but never used  no-unused-vars
    12:5  warning  'selected_b' is assigned a value but never used                 no-unused-vars
    13:5  warning  'sel_data2' is defined but never used                           no-unused-vars
    14:5  warning  'data1' is assigned a value but never used                      no-unused-vars
    52:5  warning  'data2' is assigned a value but never used                      no-unused-vars
   382:5  warning  'data3' is assigned a value but never used                      no-unused-vars
   672:5  warning  'first_obs_data' is assigned a value but never used             no-unused-vars
   682:5  warning  'second_obs_data' is assigned a value but never used            no-unused-vars
   692:5  warning  'third_obs_data' is assigned a value but never used             no-unused-vars
   703:5  warning  'selected_material_index' is assigned a value but never used    no-unused-vars
   705:7  warning  'materials' is assigned a value but never used                  no-unused-vars
  1139:5  warning  'all_data' is assigned a value but never used                   no-unused-vars
  1143:5  warning  'obs_data' is assigned a value but never used                   no-unused-vars
  1180:7  warning  'epsilon_0' is assigned a value but never used                  no-unused-vars

/home/runner/work/exp-dielectric-curie-iitb/exp-dielectric-curie-iitb/experiment/simulation/js/dummy.js
  2:14  warning  'Pannel' is not defined  no-undef

/home/runner/work/exp-dielectric-curie-iitb/exp-dielectric-curie-iitb/experiment/simulation/js/geomerty.js
   33:49   warning  'lscale' is not defined          no-undef
   34:49   warning  'lscale' is not defined          no-undef
   46:23   warning  'pt1' is defined but never used  no-unused-vars
   46:28   warning  'pt2' is defined but never used  no-unused-vars
   46:33   warning  'pt3' is defined but never used  no-unused-vars
   50:24   warning  'geo' is defined but never used  no-unused-vars
   69:44   warning  'lscale' is not defined          no-undef
   69:66   warning  'lscale' is not defined          no-undef
   69:88   warning  'lscale' is not defined          no-undef
   82:48   warning  'lscale' is not defined          no-undef
   83:48   warning  'lscale' is not defined          no-undef
  108:47   warning  'lscale' is not defined          no-undef
  108:69   warning  'lscale' is not defined          no-undef
  109:60   warning  'lscale' is not defined          no-undef
  109:95   warning  'lscale' is not defined          no-undef
  131:39   warning  'lscale' is not defined          no-undef
  131:57   warning  'lscale' is not defined          no-undef
  132:39   warning  'lscale' is not defined          no-undef
  132:57   warning  'lscale' is not defined          no-undef
  181:39   warning  'lscale' is not defined          no-undef
  181:57   warning  'lscale' is not defined          no-undef
  182:39   warning  'lscale' is not defined          no-undef
  182:57   warning  'lscale' is not defined          no-undef
  225:33   warning  'lscale' is not defined          no-undef
  226:33   warning  'lscale' is not defined          no-undef
  274:50   warning  'lscale' is not defined          no-undef
  274:72   warning  'lscale' is not defined          no-undef
  279:61   warning  'lscale' is not defined          no-undef
  279:84   warning  'lscale' is not defined          no-undef
  279:102  warning  'lscale' is not defined          no-undef
  279:120  warning  'lscale' is not defined          no-undef
  293:33   warning  'lscale' is not defined          no-undef
  294:33   warning  'lscale' is not defined          no-undef
  295:41   warning  'lscale' is not defined          no-undef
  295:64   warning  'lscale' is not defined          no-undef
  295:98   warning  'lscale' is not defined          no-undef
  295:121  warning  'lscale' is not defined          no-undef
  296:45   warning  'lscale' is not defined          no-undef
  296:68   warning  'lscale' is not defined          no-undef
  296:102  warning  'lscale' is not defined          no-undef
  296:125  warning  'lscale' is not defined          no-undef
  323:61   warning  'lscale' is not defined          no-undef
  323:90   warning  'lscale' is not defined          no-undef
  324:61   warning  'lscale' is not defined          no-undef
  324:96   warning  'lscale' is not defined          no-undef
  325:66   warning  'lscale' is not defined          no-undef
  325:101  warning  'lscale' is not defined          no-undef
  326:66   warning  'lscale' is not defined          no-undef
  326:100  warning  'lscale' is not defined          no-undef
  327:67   warning  'lscale' is not defined          no-undef
  327:101  warning  'lscale' is not defined          no-undef
  328:67   warning  'lscale' is not defined          no-undef
  328:96   warning  'lscale' is not defined          no-undef
  329:61   warning  'lscale' is not defined          no-undef
  329:90   warning  'lscale' is not defined          no-undef
  346:33   warning  'lscale' is not defined          no-undef
  347:33   warning  'lscale' is not defined          no-undef
  376:46   warning  'lscale' is not defined          no-undef
  382:50   warning  'lscale' is not defined          no-undef
  382:72   warning  'lscale' is not defined          no-undef
  411:52   warning  'lscale' is not defined          no-undef
  411:79   warning  'lscale' is not defined          no-undef
  413:56   warning  'lscale' is not defined          no-undef
  413:83   warning  'lscale' is not defined          no-undef
  450:50   warning  'lscale' is not defined          no-undef
  450:72   warning  'lscale' is not defined          no-undef
  456:61   warning  'lscale' is not defined          no-undef
  456:84   warning  'lscale' is not defined          no-undef
  456:102  warning  'lscale' is not defined          no-undef
  456:120  warning  'lscale' is not defined          no-undef
  470:33   warning  'lscale' is not defined          no-undef
  471:33   warning  'lscale' is not defined          no-undef
  472:41   warning  'lscale' is not defined          no-undef
  472:64   warning  'lscale' is not defined          no-undef
  472:98   warning  'lscale' is not defined          no-undef
  472:121  warning  'lscale' is not defined          no-undef
  473:45   warning  'lscale' is not defined          no-undef
  473:68   warning  'lscale' is not defined          no-undef
  473:102  warning  'lscale' is not defined          no-undef
  473:125  warning  'lscale' is not defined          no-undef
  477:48   warning  'lscale' is not defined          no-undef
  477:71   warning  'lscale' is not defined          no-undef
  477:93   warning  'lscale' is not defined          no-undef
  477:116  warning  'lscale' is not defined          no-undef
  478:48   warning  'lscale' is not defined          no-undef
  478:71   warning  'lscale' is not defined          no-undef
  478:93   warning  'lscale' is not defined          no-undef
  478:116  warning  'lscale' is not defined          no-undef
  504:50   warning  'lscale' is not defined          no-undef
  504:72   warning  'lscale' is not defined          no-undef
  509:139  warning  'lscale' is not defined          no-undef
  509:172  warning  'lscale' is not defined          no-undef
  509:205  warning  'lscale' is not defined          no-undef
  509:225  warning  'lscale' is not defined          no-undef
  530:50   warning  'lscale' is not defined          no-undef
  530:72   warning  'lscale' is not defined          no-undef
  535:139  warning  'lscale' is not defined          no-undef
  535:172  warning  'lscale' is not defined          no-undef
  535:205  warning  'lscale' is not defined          no-undef
  535:225  warning  'lscale' is not defined          no-undef
  557:50   warning  'lscale' is not defined          no-undef
  557:72   warning  'lscale' is not defined          no-undef
  562:133  warning  'lscale' is not defined          no-undef
  562:172  warning  'lscale' is not defined          no-undef
  562:205  warning  'lscale' is not defined          no-undef
  562:224  warning  'lscale' is not defined          no-undef
  586:39   warning  'lscale' is not defined          no-undef
  586:53   warning  'lscale' is not defined          no-undef
  587:39   warning  'lscale' is not defined          no-undef
  587:53   warning  'lscale' is not defined          no-undef
  588:39   warning  'lscale' is not defined          no-undef
  588:53   warning  'lscale' is not defined          no-undef
  589:39   warning  'lscale' is not defined          no-undef
  589:53   warning  'lscale' is not defined          no-undef
  596:36   warning  'lscale' is not defined          no-undef
  596:50   warning  'lscale' is not defined          no-undef
  596:63   warning  'lscale' is not defined          no-undef
  607:36   warning  'lscale' is not defined          no-undef
  607:50   warning  'lscale' is not defined          no-undef
  607:63   warning  'lscale' is not defined          no-undef
  634:46   warning  'lscale' is not defined          no-undef
  639:50   warning  'lscale' is not defined          no-undef
  639:72   warning  'lscale' is not defined          no-undef
  661:50   warning  'lscale' is not defined          no-undef
  661:72   warning  'lscale' is not defined          no-undef
  665:46   warning  'lscale' is not defined          no-undef
  666:46   warning  'lscale' is not defined          no-undef
  666:67   warning  'lscale' is not defined          no-undef
  667:49   warning  'lscale' is not defined          no-undef
  704:50   warning  'lscale' is not defined          no-undef
  704:72   warning  'lscale' is not defined          no-undef
  720:38   warning  'lscale' is not defined          no-undef
  720:51   warning  'lscale' is not defined          no-undef
  722:38   warning  'lscale' is not defined          no-undef
  724:38   warning  'lscale' is not defined          no-undef
  724:52   warning  'lscale' is not defined          no-undef
  757:42   warning  'lscale' is not defined          no-undef
  757:72   warning  'lscale' is not defined          no-undef
  758:42   warning  'lscale' is not defined          no-undef
  758:72   warning  'lscale' is not defined          no-undef
  761:47   warning  'lscale' is not defined          no-undef
  761:69   warning  'lscale' is not defined          no-undef
  765:57   warning  'lscale' is not defined          no-undef

/home/runner/work/exp-dielectric-curie-iitb/exp-dielectric-curie-iitb/experiment/simulation/js/pannel.js
    8:7  warning  'Pannel' is defined but never used             no-unused-vars
  110:7  warning  'Table1' is defined but never used             no-unused-vars
  152:7  warning  'Table2' is defined but never used             no-unused-vars
  193:7  warning  'Observation_Table' is defined but never used  no-unused-vars

/home/runner/work/exp-dielectric-curie-iitb/exp-dielectric-curie-iitb/experiment/simulation/js/scene.js
  11:9    warning  'context' is not defined                           no-undef
  11:33   warning  'canvas' is not defined                            no-undef
  11:47   warning  'canvas' is not defined                            no-undef
  26:7    warning  'Scene_Canvas' is defined but never used           no-unused-vars
  63:5    warning  'context' is not defined                           no-undef
  64:9    warning  'grd' is assigned a value but never used           no-unused-vars
  64:15   warning  'context' is not defined                           no-undef
  64:44   warning  'canvas' is not defined                            no-undef
  64:62   warning  'canvas' is not defined                            no-undef
  64:84   warning  'canvas' is not defined                            no-undef
  64:102  warning  'canvas' is not defined                            no-undef
  64:121  warning  'canvas' is not defined                            no-undef
  72:5    warning  'context' is not defined                           no-undef
  73:5    warning  'context' is not defined                           no-undef
  73:28   warning  'canvas' is not defined                            no-undef
  73:42   warning  'canvas' is not defined                            no-undef
  74:5    warning  'context' is not defined                           no-undef
  75:5    warning  'context' is not defined                           no-undef
  77:10   warning  'canvas_border_context' is defined but never used  no-unused-vars
  80:9    warning  'grd' is assigned a value but never used           no-unused-vars

✖ 511 problems (0 errors, 511 warnings)

